Analysis & Synthesis report for Simple_Processor
Thu Jun 02 17:32:37 2022
Quartus Prime Version 20.1.0 Build 711 06/05/2020 SJ Lite Edition


---------------------
; Table of Contents ;
---------------------
  1. Legal Notice
  2. Analysis & Synthesis Summary
  3. Analysis & Synthesis Settings
  4. Parallel Compilation
  5. Analysis & Synthesis Source Files Read
  6. Analysis & Synthesis Resource Usage Summary
  7. Analysis & Synthesis Resource Utilization by Entity
  8. Analysis & Synthesis RAM Summary
  9. State Machine - |Simple_Processor|Processor:SIMPLE_Processor|fsm:control_Unit|tstep_q
 10. General Register Statistics
 11. Multiplexer Restructuring Statistics (Restructuring Performed)
 12. Source assignments for rom:INST_ROM|altsyncram:altsyncram_component|altsyncram_q824:auto_generated
 13. Parameter Settings for User Entity Instance: Counter:Counter_INST|lpm_counter:LPM_COUNTER_component
 14. Parameter Settings for User Entity Instance: rom:INST_ROM|altsyncram:altsyncram_component
 15. Parameter Settings for User Entity Instance: Processor:SIMPLE_Processor|addersub:addsub|lpm_add_sub:LPM_ADD_SUB_component
 16. altsyncram Parameter Settings by Entity Instance
 17. Port Connectivity Checks: "Processor:SIMPLE_Processor|fsm:control_Unit|dec3to8:decY"
 18. Port Connectivity Checks: "Processor:SIMPLE_Processor|fsm:control_Unit|dec3to8:decX"
 19. Post-Synthesis Netlist Statistics for Top Partition
 20. Elapsed Time Per Partition
 21. Analysis & Synthesis Messages



----------------
; Legal Notice ;
----------------
Copyright (C) 2020  Intel Corporation. All rights reserved.
Your use of Intel Corporation's design tools, logic functions 
and other software and tools, and any partner logic 
functions, and any output files from any of the foregoing 
(including device programming or simulation files), and any 
associated documentation or information are expressly subject 
to the terms and conditions of the Intel Program License 
Subscription Agreement, the Intel Quartus Prime License Agreement,
the Intel FPGA IP License Agreement, or other applicable license
agreement, including, without limitation, that your use is for
the sole purpose of programming logic devices manufactured by
Intel and sold by Intel or its authorized distributors.  Please
refer to the applicable agreement for further details, at
https://fpgasoftware.intel.com/eula.



+-------------------------------------------------------------------------------+
; Analysis & Synthesis Summary                                                  ;
+---------------------------------+---------------------------------------------+
; Analysis & Synthesis Status     ; Successful - Thu Jun 02 17:32:37 2022       ;
; Quartus Prime Version           ; 20.1.0 Build 711 06/05/2020 SJ Lite Edition ;
; Revision Name                   ; Simple_Processor                            ;
; Top-level Entity Name           ; Simple_Processor                            ;
; Family                          ; Cyclone V                                   ;
; Logic utilization (in ALMs)     ; N/A                                         ;
; Total registers                 ; 108                                         ;
; Total pins                      ; 23                                          ;
; Total virtual pins              ; 0                                           ;
; Total block memory bits         ; 288                                         ;
; Total DSP Blocks                ; 0                                           ;
; Total HSSI RX PCSs              ; 0                                           ;
; Total HSSI PMA RX Deserializers ; 0                                           ;
; Total HSSI TX PCSs              ; 0                                           ;
; Total HSSI PMA TX Serializers   ; 0                                           ;
; Total PLLs                      ; 0                                           ;
; Total DLLs                      ; 0                                           ;
+---------------------------------+---------------------------------------------+


+---------------------------------------------------------------------------------------------------------------------------+
; Analysis & Synthesis Settings                                                                                             ;
+---------------------------------------------------------------------------------+--------------------+--------------------+
; Option                                                                          ; Setting            ; Default Value      ;
+---------------------------------------------------------------------------------+--------------------+--------------------+
; Device                                                                          ; 5CGXFC7C7F23C8     ;                    ;
; Top-level entity name                                                           ; Simple_Processor   ; Simple_Processor   ;
; Family name                                                                     ; Cyclone V          ; Cyclone V          ;
; VHDL Show LMF Mapping Messages                                                  ; Off                ;                    ;
; VHDL Version                                                                    ; VHDL_2008          ; VHDL_1993          ;
; Use smart compilation                                                           ; Off                ; Off                ;
; Enable parallel Assembler and Timing Analyzer during compilation                ; On                 ; On                 ;
; Enable compact report table                                                     ; Off                ; Off                ;
; Restructure Multiplexers                                                        ; Auto               ; Auto               ;
; MLAB Add Timing Constraints For Mixed-Port Feed-Through Mode Setting Don't Care ; Off                ; Off                ;
; Create Debugging Nodes for IP Cores                                             ; Off                ; Off                ;
; Preserve fewer node names                                                       ; On                 ; On                 ;
; Intel FPGA IP Evaluation Mode                                                   ; Enable             ; Enable             ;
; Verilog Version                                                                 ; Verilog_2001       ; Verilog_2001       ;
; State Machine Processing                                                        ; Auto               ; Auto               ;
; Safe State Machine                                                              ; Off                ; Off                ;
; Extract Verilog State Machines                                                  ; On                 ; On                 ;
; Extract VHDL State Machines                                                     ; On                 ; On                 ;
; Ignore Verilog initial constructs                                               ; Off                ; Off                ;
; Iteration limit for constant Verilog loops                                      ; 5000               ; 5000               ;
; Iteration limit for non-constant Verilog loops                                  ; 250                ; 250                ;
; Add Pass-Through Logic to Inferred RAMs                                         ; On                 ; On                 ;
; Infer RAMs from Raw Logic                                                       ; On                 ; On                 ;
; Parallel Synthesis                                                              ; On                 ; On                 ;
; DSP Block Balancing                                                             ; Auto               ; Auto               ;
; NOT Gate Push-Back                                                              ; On                 ; On                 ;
; Power-Up Don't Care                                                             ; On                 ; On                 ;
; Remove Redundant Logic Cells                                                    ; Off                ; Off                ;
; Remove Duplicate Registers                                                      ; On                 ; On                 ;
; Ignore CARRY Buffers                                                            ; Off                ; Off                ;
; Ignore CASCADE Buffers                                                          ; Off                ; Off                ;
; Ignore GLOBAL Buffers                                                           ; Off                ; Off                ;
; Ignore ROW GLOBAL Buffers                                                       ; Off                ; Off                ;
; Ignore LCELL Buffers                                                            ; Off                ; Off                ;
; Ignore SOFT Buffers                                                             ; On                 ; On                 ;
; Limit AHDL Integers to 32 Bits                                                  ; Off                ; Off                ;
; Optimization Technique                                                          ; Balanced           ; Balanced           ;
; Carry Chain Length                                                              ; 70                 ; 70                 ;
; Auto Carry Chains                                                               ; On                 ; On                 ;
; Auto Open-Drain Pins                                                            ; On                 ; On                 ;
; Perform WYSIWYG Primitive Resynthesis                                           ; Off                ; Off                ;
; Auto ROM Replacement                                                            ; On                 ; On                 ;
; Auto RAM Replacement                                                            ; On                 ; On                 ;
; Auto DSP Block Replacement                                                      ; On                 ; On                 ;
; Auto Shift Register Replacement                                                 ; Auto               ; Auto               ;
; Allow Shift Register Merging across Hierarchies                                 ; Auto               ; Auto               ;
; Auto Clock Enable Replacement                                                   ; On                 ; On                 ;
; Strict RAM Replacement                                                          ; Off                ; Off                ;
; Allow Synchronous Control Signals                                               ; On                 ; On                 ;
; Force Use of Synchronous Clear Signals                                          ; Off                ; Off                ;
; Auto Resource Sharing                                                           ; Off                ; Off                ;
; Allow Any RAM Size For Recognition                                              ; Off                ; Off                ;
; Allow Any ROM Size For Recognition                                              ; Off                ; Off                ;
; Allow Any Shift Register Size For Recognition                                   ; Off                ; Off                ;
; Use LogicLock Constraints during Resource Balancing                             ; On                 ; On                 ;
; Ignore translate_off and synthesis_off directives                               ; Off                ; Off                ;
; Timing-Driven Synthesis                                                         ; On                 ; On                 ;
; Report Parameter Settings                                                       ; On                 ; On                 ;
; Report Source Assignments                                                       ; On                 ; On                 ;
; Report Connectivity Checks                                                      ; On                 ; On                 ;
; Ignore Maximum Fan-Out Assignments                                              ; Off                ; Off                ;
; Synchronization Register Chain Length                                           ; 3                  ; 3                  ;
; Power Optimization During Synthesis                                             ; Normal compilation ; Normal compilation ;
; HDL message level                                                               ; Level2             ; Level2             ;
; Suppress Register Optimization Related Messages                                 ; Off                ; Off                ;
; Number of Removed Registers Reported in Synthesis Report                        ; 5000               ; 5000               ;
; Number of Swept Nodes Reported in Synthesis Report                              ; 5000               ; 5000               ;
; Number of Inverted Registers Reported in Synthesis Report                       ; 100                ; 100                ;
; Clock MUX Protection                                                            ; On                 ; On                 ;
; Auto Gated Clock Conversion                                                     ; Off                ; Off                ;
; Block Design Naming                                                             ; Auto               ; Auto               ;
; SDC constraint protection                                                       ; Off                ; Off                ;
; Synthesis Effort                                                                ; Auto               ; Auto               ;
; Shift Register Replacement - Allow Asynchronous Clear Signal                    ; On                 ; On                 ;
; Pre-Mapping Resynthesis Optimization                                            ; Off                ; Off                ;
; Analysis & Synthesis Message Level                                              ; Medium             ; Medium             ;
; Disable Register Merging Across Hierarchies                                     ; Auto               ; Auto               ;
; Resource Aware Inference For Block RAM                                          ; On                 ; On                 ;
; Automatic Parallel Synthesis                                                    ; On                 ; On                 ;
; Partial Reconfiguration Bitstream ID                                            ; Off                ; Off                ;
+---------------------------------------------------------------------------------+--------------------+--------------------+


+------------------------------------------+
; Parallel Compilation                     ;
+----------------------------+-------------+
; Processors                 ; Number      ;
+----------------------------+-------------+
; Number detected on machine ; 8           ;
; Maximum allowed            ; 4           ;
;                            ;             ;
; Average used               ; 1.00        ;
; Maximum used               ; 4           ;
;                            ;             ;
; Usage by Processor         ; % Time Used ;
;     Processor 1            ; 100.0%      ;
;     Processors 2-4         ;   0.0%      ;
+----------------------------+-------------+


+----------------------------------------------------------------------------------------------------------------------------------------------------------------------------------------------------------------+
; Analysis & Synthesis Source Files Read                                                                                                                                                                         ;
+----------------------------------+-----------------+----------------------------------------+--------------------------------------------------------------------------------------------------------+---------+
; File Name with User-Entered Path ; Used in Netlist ; File Type                              ; File Name with Absolute Path                                                                           ; Library ;
+----------------------------------+-----------------+----------------------------------------+--------------------------------------------------------------------------------------------------------+---------+
; Simple_Processor.vhd             ; yes             ; User VHDL File                         ; C:/Users/Asronic/Desktop/university/Term 6/Logic Circuit LAB/A Simple Processor/Simple_Processor.vhd   ;         ;
; Counter.vhd                      ; yes             ; User VHDL File                         ; C:/Users/Asronic/Desktop/university/Term 6/Logic Circuit LAB/A Simple Processor/Counter.vhd            ;         ;
; rom.vhd                          ; yes             ; User VHDL File                         ; C:/Users/Asronic/Desktop/university/Term 6/Logic Circuit LAB/A Simple Processor/rom.vhd                ;         ;
; Processor.vhd                    ; yes             ; User VHDL File                         ; C:/Users/Asronic/Desktop/university/Term 6/Logic Circuit LAB/A Simple Processor/Processor.vhd          ;         ;
; lpm_counter.tdf                  ; yes             ; Megafunction                           ; d:/intelfpga_lite/20.1/quartus/libraries/megafunctions/lpm_counter.tdf                                 ;         ;
; lpm_constant.inc                 ; yes             ; Megafunction                           ; d:/intelfpga_lite/20.1/quartus/libraries/megafunctions/lpm_constant.inc                                ;         ;
; lpm_decode.inc                   ; yes             ; Megafunction                           ; d:/intelfpga_lite/20.1/quartus/libraries/megafunctions/lpm_decode.inc                                  ;         ;
; lpm_add_sub.inc                  ; yes             ; Megafunction                           ; d:/intelfpga_lite/20.1/quartus/libraries/megafunctions/lpm_add_sub.inc                                 ;         ;
; cmpconst.inc                     ; yes             ; Megafunction                           ; d:/intelfpga_lite/20.1/quartus/libraries/megafunctions/cmpconst.inc                                    ;         ;
; lpm_compare.inc                  ; yes             ; Megafunction                           ; d:/intelfpga_lite/20.1/quartus/libraries/megafunctions/lpm_compare.inc                                 ;         ;
; lpm_counter.inc                  ; yes             ; Megafunction                           ; d:/intelfpga_lite/20.1/quartus/libraries/megafunctions/lpm_counter.inc                                 ;         ;
; dffeea.inc                       ; yes             ; Megafunction                           ; d:/intelfpga_lite/20.1/quartus/libraries/megafunctions/dffeea.inc                                      ;         ;
; alt_counter_stratix.inc          ; yes             ; Megafunction                           ; d:/intelfpga_lite/20.1/quartus/libraries/megafunctions/alt_counter_stratix.inc                         ;         ;
; aglobal201.inc                   ; yes             ; Megafunction                           ; d:/intelfpga_lite/20.1/quartus/libraries/megafunctions/aglobal201.inc                                  ;         ;
; db/cntr_h0i.tdf                  ; yes             ; Auto-Generated Megafunction            ; C:/Users/Asronic/Desktop/university/Term 6/Logic Circuit LAB/A Simple Processor/db/cntr_h0i.tdf        ;         ;
; altsyncram.tdf                   ; yes             ; Megafunction                           ; d:/intelfpga_lite/20.1/quartus/libraries/megafunctions/altsyncram.tdf                                  ;         ;
; stratix_ram_block.inc            ; yes             ; Megafunction                           ; d:/intelfpga_lite/20.1/quartus/libraries/megafunctions/stratix_ram_block.inc                           ;         ;
; lpm_mux.inc                      ; yes             ; Megafunction                           ; d:/intelfpga_lite/20.1/quartus/libraries/megafunctions/lpm_mux.inc                                     ;         ;
; a_rdenreg.inc                    ; yes             ; Megafunction                           ; d:/intelfpga_lite/20.1/quartus/libraries/megafunctions/a_rdenreg.inc                                   ;         ;
; altrom.inc                       ; yes             ; Megafunction                           ; d:/intelfpga_lite/20.1/quartus/libraries/megafunctions/altrom.inc                                      ;         ;
; altram.inc                       ; yes             ; Megafunction                           ; d:/intelfpga_lite/20.1/quartus/libraries/megafunctions/altram.inc                                      ;         ;
; altdpram.inc                     ; yes             ; Megafunction                           ; d:/intelfpga_lite/20.1/quartus/libraries/megafunctions/altdpram.inc                                    ;         ;
; db/altsyncram_q824.tdf           ; yes             ; Auto-Generated Megafunction            ; C:/Users/Asronic/Desktop/university/Term 6/Logic Circuit LAB/A Simple Processor/db/altsyncram_q824.tdf ;         ;
; inst_mem.mif                     ; yes             ; Auto-Found Memory Initialization File  ; C:/Users/Asronic/Desktop/university/Term 6/Logic Circuit LAB/A Simple Processor/inst_mem.mif           ;         ;
; lpm_add_sub.tdf                  ; yes             ; Megafunction                           ; d:/intelfpga_lite/20.1/quartus/libraries/megafunctions/lpm_add_sub.tdf                                 ;         ;
; addcore.inc                      ; yes             ; Megafunction                           ; d:/intelfpga_lite/20.1/quartus/libraries/megafunctions/addcore.inc                                     ;         ;
; look_add.inc                     ; yes             ; Megafunction                           ; d:/intelfpga_lite/20.1/quartus/libraries/megafunctions/look_add.inc                                    ;         ;
; bypassff.inc                     ; yes             ; Megafunction                           ; d:/intelfpga_lite/20.1/quartus/libraries/megafunctions/bypassff.inc                                    ;         ;
; altshift.inc                     ; yes             ; Megafunction                           ; d:/intelfpga_lite/20.1/quartus/libraries/megafunctions/altshift.inc                                    ;         ;
; alt_stratix_add_sub.inc          ; yes             ; Megafunction                           ; d:/intelfpga_lite/20.1/quartus/libraries/megafunctions/alt_stratix_add_sub.inc                         ;         ;
; db/add_sub_gfg.tdf               ; yes             ; Auto-Generated Megafunction            ; C:/Users/Asronic/Desktop/university/Term 6/Logic Circuit LAB/A Simple Processor/db/add_sub_gfg.tdf     ;         ;
+----------------------------------+-----------------+----------------------------------------+--------------------------------------------------------------------------------------------------------+---------+


+----------------------------------------------------------+
; Analysis & Synthesis Resource Usage Summary              ;
+---------------------------------------------+------------+
; Resource                                    ; Usage      ;
+---------------------------------------------+------------+
; Estimate of Logic utilization (ALMs needed) ; 86         ;
;                                             ;            ;
; Combinational ALUT usage for logic          ; 95         ;
;     -- 7 input functions                    ; 0          ;
;     -- 6 input functions                    ; 59         ;
;     -- 5 input functions                    ; 3          ;
;     -- 4 input functions                    ; 9          ;
;     -- <=3 input functions                  ; 24         ;
;                                             ;            ;
; Dedicated logic registers                   ; 108        ;
;                                             ;            ;
; I/O pins                                    ; 23         ;
; Total MLAB memory bits                      ; 0          ;
; Total block memory bits                     ; 288        ;
;                                             ;            ;
; Total DSP Blocks                            ; 0          ;
;                                             ;            ;
; Maximum fan-out node                        ; key1~input ;
; Maximum fan-out                             ; 103        ;
; Total fan-out                               ; 887        ;
; Average fan-out                             ; 3.44       ;
+---------------------------------------------+------------+


+--------------------------------------------------------------------------------------------------------------------------------------------------------------------------------------------------------------------------------------------------------------------------------------------------------------------+
; Analysis & Synthesis Resource Utilization by Entity                                                                                                                                                                                                                                                                ;
+----------------------------------------------+---------------------+---------------------------+-------------------+------------+------+--------------+---------------------------------------------------------------------------------------------------------------------------+-----------------+--------------+
; Compilation Hierarchy Node                   ; Combinational ALUTs ; Dedicated Logic Registers ; Block Memory Bits ; DSP Blocks ; Pins ; Virtual Pins ; Full Hierarchy Name                                                                                                       ; Entity Name     ; Library Name ;
+----------------------------------------------+---------------------+---------------------------+-------------------+------------+------+--------------+---------------------------------------------------------------------------------------------------------------------------+-----------------+--------------+
; |Simple_Processor                            ; 95 (0)              ; 108 (0)                   ; 288               ; 0          ; 23   ; 0            ; |Simple_Processor                                                                                                         ; Processor       ; work         ;
;    |Counter:Counter_INST|                    ; 5 (0)               ; 5 (0)                     ; 0                 ; 0          ; 0    ; 0            ; |Simple_Processor|Counter:Counter_INST                                                                                    ; Counter         ; work         ;
;       |lpm_counter:LPM_COUNTER_component|    ; 5 (0)               ; 5 (0)                     ; 0                 ; 0          ; 0    ; 0            ; |Simple_Processor|Counter:Counter_INST|lpm_counter:LPM_COUNTER_component                                                  ; lpm_counter     ; work         ;
;          |cntr_h0i:auto_generated|           ; 5 (5)               ; 5 (5)                     ; 0                 ; 0          ; 0    ; 0            ; |Simple_Processor|Counter:Counter_INST|lpm_counter:LPM_COUNTER_component|cntr_h0i:auto_generated                          ; cntr_h0i        ; work         ;
;    |Processor:SIMPLE_Processor|              ; 90 (0)              ; 103 (0)                   ; 0                 ; 0          ; 0    ; 0            ; |Simple_Processor|Processor:SIMPLE_Processor                                                                              ; Processor       ; work         ;
;       |addersub:addsub|                      ; 10 (0)              ; 0 (0)                     ; 0                 ; 0          ; 0    ; 0            ; |Simple_Processor|Processor:SIMPLE_Processor|addersub:addsub                                                              ; addersub        ; work         ;
;          |lpm_add_sub:LPM_ADD_SUB_component| ; 10 (0)              ; 0 (0)                     ; 0                 ; 0          ; 0    ; 0            ; |Simple_Processor|Processor:SIMPLE_Processor|addersub:addsub|lpm_add_sub:LPM_ADD_SUB_component                            ; lpm_add_sub     ; work         ;
;             |add_sub_gfg:auto_generated|     ; 10 (10)             ; 0 (0)                     ; 0                 ; 0          ; 0    ; 0            ; |Simple_Processor|Processor:SIMPLE_Processor|addersub:addsub|lpm_add_sub:LPM_ADD_SUB_component|add_sub_gfg:auto_generated ; add_sub_gfg     ; work         ;
;       |fsm:control_Unit|                     ; 25 (25)             ; 4 (4)                     ; 0                 ; 0          ; 0    ; 0            ; |Simple_Processor|Processor:SIMPLE_Processor|fsm:control_Unit                                                             ; fsm             ; work         ;
;       |mux:multiplexer|                      ; 55 (55)             ; 0 (0)                     ; 0                 ; 0          ; 0    ; 0            ; |Simple_Processor|Processor:SIMPLE_Processor|mux:multiplexer                                                              ; mux             ; work         ;
;       |regn:\gen_reg:0:R|                    ; 0 (0)               ; 9 (9)                     ; 0                 ; 0          ; 0    ; 0            ; |Simple_Processor|Processor:SIMPLE_Processor|regn:\gen_reg:0:R                                                            ; regn            ; work         ;
;       |regn:\gen_reg:1:R|                    ; 0 (0)               ; 9 (9)                     ; 0                 ; 0          ; 0    ; 0            ; |Simple_Processor|Processor:SIMPLE_Processor|regn:\gen_reg:1:R                                                            ; regn            ; work         ;
;       |regn:\gen_reg:2:R|                    ; 0 (0)               ; 9 (9)                     ; 0                 ; 0          ; 0    ; 0            ; |Simple_Processor|Processor:SIMPLE_Processor|regn:\gen_reg:2:R                                                            ; regn            ; work         ;
;       |regn:\gen_reg:3:R|                    ; 0 (0)               ; 9 (9)                     ; 0                 ; 0          ; 0    ; 0            ; |Simple_Processor|Processor:SIMPLE_Processor|regn:\gen_reg:3:R                                                            ; regn            ; work         ;
;       |regn:\gen_reg:4:R|                    ; 0 (0)               ; 9 (9)                     ; 0                 ; 0          ; 0    ; 0            ; |Simple_Processor|Processor:SIMPLE_Processor|regn:\gen_reg:4:R                                                            ; regn            ; work         ;
;       |regn:\gen_reg:5:R|                    ; 0 (0)               ; 9 (9)                     ; 0                 ; 0          ; 0    ; 0            ; |Simple_Processor|Processor:SIMPLE_Processor|regn:\gen_reg:5:R                                                            ; regn            ; work         ;
;       |regn:\gen_reg:6:R|                    ; 0 (0)               ; 9 (9)                     ; 0                 ; 0          ; 0    ; 0            ; |Simple_Processor|Processor:SIMPLE_Processor|regn:\gen_reg:6:R                                                            ; regn            ; work         ;
;       |regn:\gen_reg:7:R|                    ; 0 (0)               ; 9 (9)                     ; 0                 ; 0          ; 0    ; 0            ; |Simple_Processor|Processor:SIMPLE_Processor|regn:\gen_reg:7:R                                                            ; regn            ; work         ;
;       |regn:reg_A|                           ; 0 (0)               ; 9 (9)                     ; 0                 ; 0          ; 0    ; 0            ; |Simple_Processor|Processor:SIMPLE_Processor|regn:reg_A                                                                   ; regn            ; work         ;
;       |regn:reg_IR|                          ; 0 (0)               ; 9 (9)                     ; 0                 ; 0          ; 0    ; 0            ; |Simple_Processor|Processor:SIMPLE_Processor|regn:reg_IR                                                                  ; regn            ; work         ;
;       |regn:reg_g|                           ; 0 (0)               ; 9 (9)                     ; 0                 ; 0          ; 0    ; 0            ; |Simple_Processor|Processor:SIMPLE_Processor|regn:reg_g                                                                   ; regn            ; work         ;
;    |rom:INST_ROM|                            ; 0 (0)               ; 0 (0)                     ; 288               ; 0          ; 0    ; 0            ; |Simple_Processor|rom:INST_ROM                                                                                            ; rom             ; work         ;
;       |altsyncram:altsyncram_component|      ; 0 (0)               ; 0 (0)                     ; 288               ; 0          ; 0    ; 0            ; |Simple_Processor|rom:INST_ROM|altsyncram:altsyncram_component                                                            ; altsyncram      ; work         ;
;          |altsyncram_q824:auto_generated|    ; 0 (0)               ; 0 (0)                     ; 288               ; 0          ; 0    ; 0            ; |Simple_Processor|rom:INST_ROM|altsyncram:altsyncram_component|altsyncram_q824:auto_generated                             ; altsyncram_q824 ; work         ;
+----------------------------------------------+---------------------+---------------------------+-------------------+------------+------+--------------+---------------------------------------------------------------------------------------------------------------------------+-----------------+--------------+
Note: For table entries with two numbers listed, the numbers in parentheses indicate the number of resources of the given type used by the specific entity alone. The numbers listed outside of parentheses indicate the total resources of the given type used by the specific entity and all of its sub-entities in the hierarchy.


+----------------------------------------------------------------------------------------------------------------------------------------------------------------------------------------+
; Analysis & Synthesis RAM Summary                                                                                                                                                       ;
+----------------------------------------------------------------------------------------+------+------+--------------+--------------+--------------+--------------+------+--------------+
; Name                                                                                   ; Type ; Mode ; Port A Depth ; Port A Width ; Port B Depth ; Port B Width ; Size ; MIF          ;
+----------------------------------------------------------------------------------------+------+------+--------------+--------------+--------------+--------------+------+--------------+
; rom:INST_ROM|altsyncram:altsyncram_component|altsyncram_q824:auto_generated|ALTSYNCRAM ; AUTO ; ROM  ; 32           ; 9            ; --           ; --           ; 288  ; inst_mem.mif ;
+----------------------------------------------------------------------------------------+------+------+--------------+--------------+--------------+--------------+------+--------------+


Encoding Type:  One-Hot
+---------------------------------------------------------------------------------------+
; State Machine - |Simple_Processor|Processor:SIMPLE_Processor|fsm:control_Unit|tstep_q ;
+------------+------------+------------+------------+-----------------------------------+
; Name       ; tstep_q.t3 ; tstep_q.t2 ; tstep_q.t1 ; tstep_q.t0                        ;
+------------+------------+------------+------------+-----------------------------------+
; tstep_q.t0 ; 0          ; 0          ; 0          ; 0                                 ;
; tstep_q.t1 ; 0          ; 0          ; 1          ; 1                                 ;
; tstep_q.t2 ; 0          ; 1          ; 0          ; 1                                 ;
; tstep_q.t3 ; 1          ; 0          ; 0          ; 1                                 ;
+------------+------------+------------+------------+-----------------------------------+


+------------------------------------------------------+
; General Register Statistics                          ;
+----------------------------------------------+-------+
; Statistic                                    ; Value ;
+----------------------------------------------+-------+
; Total registers                              ; 108   ;
; Number of registers using Synchronous Clear  ; 5     ;
; Number of registers using Synchronous Load   ; 0     ;
; Number of registers using Asynchronous Clear ; 4     ;
; Number of registers using Asynchronous Load  ; 0     ;
; Number of registers using Clock Enable       ; 102   ;
; Number of registers using Preset             ; 0     ;
+----------------------------------------------+-------+


+--------------------------------------------------------------------------------------------------------------------------------------------------------------------------------------+
; Multiplexer Restructuring Statistics (Restructuring Performed)                                                                                                                       ;
+--------------------+-----------+---------------+----------------------+------------------------+------------+------------------------------------------------------------------------+
; Multiplexer Inputs ; Bus Width ; Baseline Area ; Area if Restructured ; Saving if Restructured ; Registered ; Example Multiplexer Output                                             ;
+--------------------+-----------+---------------+----------------------+------------------------+------------+------------------------------------------------------------------------+
; 8:1                ; 8 bits    ; 40 LEs        ; 16 LEs               ; 24 LEs                 ; No         ; |Simple_Processor|Processor:SIMPLE_Processor|fsm:control_Unit|Mux0     ;
; 10:1               ; 9 bits    ; 54 LEs        ; 54 LEs               ; 0 LEs                  ; No         ; |Simple_Processor|Processor:SIMPLE_Processor|mux:multiplexer|Selector8 ;
+--------------------+-----------+---------------+----------------------+------------------------+------------+------------------------------------------------------------------------+


+----------------------------------------------------------------------------------------------------+
; Source assignments for rom:INST_ROM|altsyncram:altsyncram_component|altsyncram_q824:auto_generated ;
+---------------------------------+--------------------+------+--------------------------------------+
; Assignment                      ; Value              ; From ; To                                   ;
+---------------------------------+--------------------+------+--------------------------------------+
; OPTIMIZE_POWER_DURING_SYNTHESIS ; NORMAL_COMPILATION ; -    ; -                                    ;
+---------------------------------+--------------------+------+--------------------------------------+


+-----------------------------------------------------------------------------------------------------+
; Parameter Settings for User Entity Instance: Counter:Counter_INST|lpm_counter:LPM_COUNTER_component ;
+------------------------+-------------+--------------------------------------------------------------+
; Parameter Name         ; Value       ; Type                                                         ;
+------------------------+-------------+--------------------------------------------------------------+
; AUTO_CARRY_CHAINS      ; ON          ; AUTO_CARRY                                                   ;
; IGNORE_CARRY_BUFFERS   ; OFF         ; IGNORE_CARRY                                                 ;
; AUTO_CASCADE_CHAINS    ; ON          ; AUTO_CASCADE                                                 ;
; IGNORE_CASCADE_BUFFERS ; OFF         ; IGNORE_CASCADE                                               ;
; LPM_WIDTH              ; 5           ; Signed Integer                                               ;
; LPM_DIRECTION          ; UP          ; Untyped                                                      ;
; LPM_MODULUS            ; 0           ; Untyped                                                      ;
; LPM_AVALUE             ; UNUSED      ; Untyped                                                      ;
; LPM_SVALUE             ; UNUSED      ; Untyped                                                      ;
; LPM_PORT_UPDOWN        ; PORT_UNUSED ; Untyped                                                      ;
; DEVICE_FAMILY          ; Cyclone V   ; Untyped                                                      ;
; CARRY_CHAIN            ; MANUAL      ; Untyped                                                      ;
; CARRY_CHAIN_LENGTH     ; 48          ; CARRY_CHAIN_LENGTH                                           ;
; NOT_GATE_PUSH_BACK     ; ON          ; NOT_GATE_PUSH_BACK                                           ;
; CARRY_CNT_EN           ; SMART       ; Untyped                                                      ;
; LABWIDE_SCLR           ; ON          ; Untyped                                                      ;
; USE_NEW_VERSION        ; TRUE        ; Untyped                                                      ;
; CBXI_PARAMETER         ; cntr_h0i    ; Untyped                                                      ;
+------------------------+-------------+--------------------------------------------------------------+
Note: In order to hide this table in the UI and the text report file, please set the "Show Parameter Settings in Synthesis Report" option in "Analysis and Synthesis Settings -> More Settings" to "Off".


+-------------------------------------------------------------------------------------------+
; Parameter Settings for User Entity Instance: rom:INST_ROM|altsyncram:altsyncram_component ;
+------------------------------------+----------------------+-------------------------------+
; Parameter Name                     ; Value                ; Type                          ;
+------------------------------------+----------------------+-------------------------------+
; BYTE_SIZE_BLOCK                    ; 8                    ; Untyped                       ;
; AUTO_CARRY_CHAINS                  ; ON                   ; AUTO_CARRY                    ;
; IGNORE_CARRY_BUFFERS               ; OFF                  ; IGNORE_CARRY                  ;
; AUTO_CASCADE_CHAINS                ; ON                   ; AUTO_CASCADE                  ;
; IGNORE_CASCADE_BUFFERS             ; OFF                  ; IGNORE_CASCADE                ;
; WIDTH_BYTEENA                      ; 1                    ; Untyped                       ;
; OPERATION_MODE                     ; ROM                  ; Untyped                       ;
; WIDTH_A                            ; 9                    ; Signed Integer                ;
; WIDTHAD_A                          ; 5                    ; Signed Integer                ;
; NUMWORDS_A                         ; 32                   ; Signed Integer                ;
; OUTDATA_REG_A                      ; UNREGISTERED         ; Untyped                       ;
; ADDRESS_ACLR_A                     ; NONE                 ; Untyped                       ;
; OUTDATA_ACLR_A                     ; NONE                 ; Untyped                       ;
; WRCONTROL_ACLR_A                   ; NONE                 ; Untyped                       ;
; INDATA_ACLR_A                      ; NONE                 ; Untyped                       ;
; BYTEENA_ACLR_A                     ; NONE                 ; Untyped                       ;
; WIDTH_B                            ; 1                    ; Signed Integer                ;
; WIDTHAD_B                          ; 1                    ; Signed Integer                ;
; NUMWORDS_B                         ; 0                    ; Signed Integer                ;
; INDATA_REG_B                       ; CLOCK1               ; Untyped                       ;
; WRCONTROL_WRADDRESS_REG_B          ; CLOCK1               ; Untyped                       ;
; RDCONTROL_REG_B                    ; CLOCK1               ; Untyped                       ;
; ADDRESS_REG_B                      ; CLOCK1               ; Untyped                       ;
; OUTDATA_REG_B                      ; UNREGISTERED         ; Untyped                       ;
; BYTEENA_REG_B                      ; CLOCK1               ; Untyped                       ;
; INDATA_ACLR_B                      ; NONE                 ; Untyped                       ;
; WRCONTROL_ACLR_B                   ; NONE                 ; Untyped                       ;
; ADDRESS_ACLR_B                     ; NONE                 ; Untyped                       ;
; OUTDATA_ACLR_B                     ; NONE                 ; Untyped                       ;
; RDCONTROL_ACLR_B                   ; NONE                 ; Untyped                       ;
; BYTEENA_ACLR_B                     ; NONE                 ; Untyped                       ;
; WIDTH_BYTEENA_A                    ; 1                    ; Signed Integer                ;
; WIDTH_BYTEENA_B                    ; 1                    ; Signed Integer                ;
; RAM_BLOCK_TYPE                     ; AUTO                 ; Untyped                       ;
; BYTE_SIZE                          ; 8                    ; Signed Integer                ;
; READ_DURING_WRITE_MODE_MIXED_PORTS ; DONT_CARE            ; Untyped                       ;
; READ_DURING_WRITE_MODE_PORT_A      ; NEW_DATA_NO_NBE_READ ; Untyped                       ;
; READ_DURING_WRITE_MODE_PORT_B      ; NEW_DATA_NO_NBE_READ ; Untyped                       ;
; INIT_FILE                          ; inst_mem.mif         ; Untyped                       ;
; INIT_FILE_LAYOUT                   ; PORT_A               ; Untyped                       ;
; MAXIMUM_DEPTH                      ; 0                    ; Signed Integer                ;
; CLOCK_ENABLE_INPUT_A               ; BYPASS               ; Untyped                       ;
; CLOCK_ENABLE_INPUT_B               ; NORMAL               ; Untyped                       ;
; CLOCK_ENABLE_OUTPUT_A              ; BYPASS               ; Untyped                       ;
; CLOCK_ENABLE_OUTPUT_B              ; NORMAL               ; Untyped                       ;
; CLOCK_ENABLE_CORE_A                ; USE_INPUT_CLKEN      ; Untyped                       ;
; CLOCK_ENABLE_CORE_B                ; USE_INPUT_CLKEN      ; Untyped                       ;
; ENABLE_ECC                         ; FALSE                ; Untyped                       ;
; ECC_PIPELINE_STAGE_ENABLED         ; FALSE                ; Untyped                       ;
; WIDTH_ECCSTATUS                    ; 3                    ; Signed Integer                ;
; DEVICE_FAMILY                      ; Cyclone V            ; Untyped                       ;
; CBXI_PARAMETER                     ; altsyncram_q824      ; Untyped                       ;
+------------------------------------+----------------------+-------------------------------+
Note: In order to hide this table in the UI and the text report file, please set the "Show Parameter Settings in Synthesis Report" option in "Analysis and Synthesis Settings -> More Settings" to "Off".


+---------------------------------------------------------------------------------------------------------------------------+
; Parameter Settings for User Entity Instance: Processor:SIMPLE_Processor|addersub:addsub|lpm_add_sub:LPM_ADD_SUB_component ;
+------------------------+-------------+------------------------------------------------------------------------------------+
; Parameter Name         ; Value       ; Type                                                                               ;
+------------------------+-------------+------------------------------------------------------------------------------------+
; LPM_WIDTH              ; 9           ; Signed Integer                                                                     ;
; LPM_REPRESENTATION     ; UNSIGNED    ; Untyped                                                                            ;
; LPM_DIRECTION          ; DEFAULT     ; Untyped                                                                            ;
; ONE_INPUT_IS_CONSTANT  ; NO          ; Untyped                                                                            ;
; LPM_PIPELINE           ; 0           ; Untyped                                                                            ;
; MAXIMIZE_SPEED         ; 5           ; Untyped                                                                            ;
; REGISTERED_AT_END      ; 0           ; Untyped                                                                            ;
; OPTIMIZE_FOR_SPEED     ; 5           ; Untyped                                                                            ;
; USE_CS_BUFFERS         ; 1           ; Untyped                                                                            ;
; CARRY_CHAIN            ; MANUAL      ; Untyped                                                                            ;
; CARRY_CHAIN_LENGTH     ; 48          ; CARRY_CHAIN_LENGTH                                                                 ;
; DEVICE_FAMILY          ; Cyclone V   ; Untyped                                                                            ;
; USE_WYS                ; OFF         ; Untyped                                                                            ;
; STYLE                  ; FAST        ; Untyped                                                                            ;
; CBXI_PARAMETER         ; add_sub_gfg ; Untyped                                                                            ;
; AUTO_CARRY_CHAINS      ; ON          ; AUTO_CARRY                                                                         ;
; IGNORE_CARRY_BUFFERS   ; OFF         ; IGNORE_CARRY                                                                       ;
; AUTO_CASCADE_CHAINS    ; ON          ; AUTO_CASCADE                                                                       ;
; IGNORE_CASCADE_BUFFERS ; OFF         ; IGNORE_CASCADE                                                                     ;
+------------------------+-------------+------------------------------------------------------------------------------------+
Note: In order to hide this table in the UI and the text report file, please set the "Show Parameter Settings in Synthesis Report" option in "Analysis and Synthesis Settings -> More Settings" to "Off".


+------------------------------------------------------------------------------------------+
; altsyncram Parameter Settings by Entity Instance                                         ;
+-------------------------------------------+----------------------------------------------+
; Name                                      ; Value                                        ;
+-------------------------------------------+----------------------------------------------+
; Number of entity instances                ; 1                                            ;
; Entity Instance                           ; rom:INST_ROM|altsyncram:altsyncram_component ;
;     -- OPERATION_MODE                     ; ROM                                          ;
;     -- WIDTH_A                            ; 9                                            ;
;     -- NUMWORDS_A                         ; 32                                           ;
;     -- OUTDATA_REG_A                      ; UNREGISTERED                                 ;
;     -- WIDTH_B                            ; 1                                            ;
;     -- NUMWORDS_B                         ; 0                                            ;
;     -- ADDRESS_REG_B                      ; CLOCK1                                       ;
;     -- OUTDATA_REG_B                      ; UNREGISTERED                                 ;
;     -- RAM_BLOCK_TYPE                     ; AUTO                                         ;
;     -- READ_DURING_WRITE_MODE_MIXED_PORTS ; DONT_CARE                                    ;
+-------------------------------------------+----------------------------------------------+


+--------------------------------------------------------------------------------------+
; Port Connectivity Checks: "Processor:SIMPLE_Processor|fsm:control_Unit|dec3to8:decY" ;
+------+-------+----------+------------------------------------------------------------+
; Port ; Type  ; Severity ; Details                                                    ;
+------+-------+----------+------------------------------------------------------------+
; en   ; Input ; Info     ; Stuck at VCC                                               ;
+------+-------+----------+------------------------------------------------------------+


+--------------------------------------------------------------------------------------+
; Port Connectivity Checks: "Processor:SIMPLE_Processor|fsm:control_Unit|dec3to8:decX" ;
+------+-------+----------+------------------------------------------------------------+
; Port ; Type  ; Severity ; Details                                                    ;
+------+-------+----------+------------------------------------------------------------+
; en   ; Input ; Info     ; Stuck at VCC                                               ;
+------+-------+----------+------------------------------------------------------------+


+-----------------------------------------------------+
; Post-Synthesis Netlist Statistics for Top Partition ;
+-----------------------+-----------------------------+
; Type                  ; Count                       ;
+-----------------------+-----------------------------+
; arriav_ff             ; 108                         ;
;     CLR               ; 1                           ;
;     ENA               ; 99                          ;
;     ENA CLR           ; 3                           ;
;     SCLR              ; 5                           ;
; arriav_lcell_comb     ; 95                          ;
;     arith             ; 15                          ;
;         1 data inputs ; 6                           ;
;         3 data inputs ; 9                           ;
;     normal            ; 80                          ;
;         1 data inputs ; 1                           ;
;         2 data inputs ; 3                           ;
;         3 data inputs ; 5                           ;
;         4 data inputs ; 9                           ;
;         5 data inputs ; 3                           ;
;         6 data inputs ; 59                          ;
; boundary_port         ; 23                          ;
; stratixv_ram_block    ; 9                           ;
;                       ;                             ;
; Max LUT depth         ; 6.80                        ;
; Average LUT depth     ; 4.36                        ;
+-----------------------+-----------------------------+


+-------------------------------+
; Elapsed Time Per Partition    ;
+----------------+--------------+
; Partition Name ; Elapsed Time ;
+----------------+--------------+
; Top            ; 00:00:00     ;
+----------------+--------------+


+-------------------------------+
; Analysis & Synthesis Messages ;
+-------------------------------+
Info: *******************************************************************
Info: Running Quartus Prime Analysis & Synthesis
    Info: Version 20.1.0 Build 711 06/05/2020 SJ Lite Edition
    Info: Processing started: Thu Jun 02 17:32:21 2022
Info: Command: quartus_map --read_settings_files=on --write_settings_files=off Simple_Processor -c Simple_Processor
Warning (18236): Number of processors has not been specified which may cause overloading on shared machines.  Set the global assignment NUM_PARALLEL_PROCESSORS in your QSF to an appropriate value for best performance.
Info (20030): Parallel compilation is enabled and will use 4 of the 4 processors detected
Info (12021): Found 3 design units, including 1 entities, in source file simple_processor.vhd
    Info (12022): Found design unit 1: register_file File: C:/Users/Asronic/Desktop/university/Term 6/Logic Circuit LAB/A Simple Processor/Simple_Processor.vhd Line: 12
    Info (12022): Found design unit 2: Simple_Processor-Beh File: C:/Users/Asronic/Desktop/university/Term 6/Logic Circuit LAB/A Simple Processor/Simple_Processor.vhd Line: 35
    Info (12023): Found entity 1: Simple_Processor File: C:/Users/Asronic/Desktop/university/Term 6/Logic Circuit LAB/A Simple Processor/Simple_Processor.vhd Line: 26
Info (12021): Found 2 design units, including 1 entities, in source file addsub.vhd
    Info (12022): Found design unit 1: addsub-SYN File: C:/Users/Asronic/Desktop/university/Term 6/Logic Circuit LAB/A Simple Processor/addsub.vhd Line: 54
    Info (12023): Found entity 1: addsub File: C:/Users/Asronic/Desktop/university/Term 6/Logic Circuit LAB/A Simple Processor/addsub.vhd Line: 43
Info (12021): Found 2 design units, including 1 entities, in source file k.vhd
    Info (12022): Found design unit 1: k-SYN File: C:/Users/Asronic/Desktop/university/Term 6/Logic Circuit LAB/A Simple Processor/k.vhd Line: 62
    Info (12023): Found entity 1: k File: C:/Users/Asronic/Desktop/university/Term 6/Logic Circuit LAB/A Simple Processor/k.vhd Line: 43
Info (12021): Found 2 design units, including 1 entities, in source file counter.vhd
    Info (12022): Found design unit 1: counter-SYN File: C:/Users/Asronic/Desktop/university/Term 6/Logic Circuit LAB/A Simple Processor/Counter.vhd Line: 63
    Info (12023): Found entity 1: Counter File: C:/Users/Asronic/Desktop/university/Term 6/Logic Circuit LAB/A Simple Processor/Counter.vhd Line: 53
Info (12021): Found 2 design units, including 1 entities, in source file rom.vhd
    Info (12022): Found design unit 1: rom-SYN File: C:/Users/Asronic/Desktop/university/Term 6/Logic Circuit LAB/A Simple Processor/rom.vhd Line: 64
    Info (12023): Found entity 1: rom File: C:/Users/Asronic/Desktop/university/Term 6/Logic Circuit LAB/A Simple Processor/rom.vhd Line: 54
Warning (12090): Entity "mux" obtained from "Processor.vhd" instead of from Quartus Prime megafunction library File: C:/Users/Asronic/Desktop/university/Term 6/Logic Circuit LAB/A Simple Processor/Processor.vhd Line: 218
Info (12021): Found 12 design units, including 6 entities, in source file processor.vhd
    Info (12022): Found design unit 1: Processor-Beh File: C:/Users/Asronic/Desktop/university/Term 6/Logic Circuit LAB/A Simple Processor/Processor.vhd Line: 25
    Info (12022): Found design unit 2: dec3to8-beh File: C:/Users/Asronic/Desktop/university/Term 6/Logic Circuit LAB/A Simple Processor/Processor.vhd Line: 103
    Info (12022): Found design unit 3: regn-beh File: C:/Users/Asronic/Desktop/university/Term 6/Logic Circuit LAB/A Simple Processor/Processor.vhd Line: 138
    Info (12022): Found design unit 4: addersub-SYN File: C:/Users/Asronic/Desktop/university/Term 6/Logic Circuit LAB/A Simple Processor/Processor.vhd Line: 168
    Info (12022): Found design unit 5: mux-beh File: C:/Users/Asronic/Desktop/university/Term 6/Logic Circuit LAB/A Simple Processor/Processor.vhd Line: 228
    Info (12022): Found design unit 6: fsm-BEHAVIOR File: C:/Users/Asronic/Desktop/university/Term 6/Logic Circuit LAB/A Simple Processor/Processor.vhd Line: 260
    Info (12023): Found entity 1: Processor File: C:/Users/Asronic/Desktop/university/Term 6/Logic Circuit LAB/A Simple Processor/Processor.vhd Line: 15
    Info (12023): Found entity 2: dec3to8 File: C:/Users/Asronic/Desktop/university/Term 6/Logic Circuit LAB/A Simple Processor/Processor.vhd Line: 94
    Info (12023): Found entity 3: regn File: C:/Users/Asronic/Desktop/university/Term 6/Logic Circuit LAB/A Simple Processor/Processor.vhd Line: 129
    Info (12023): Found entity 4: addersub File: C:/Users/Asronic/Desktop/university/Term 6/Logic Circuit LAB/A Simple Processor/Processor.vhd Line: 157
    Info (12023): Found entity 5: mux File: C:/Users/Asronic/Desktop/university/Term 6/Logic Circuit LAB/A Simple Processor/Processor.vhd Line: 218
    Info (12023): Found entity 6: fsm File: C:/Users/Asronic/Desktop/university/Term 6/Logic Circuit LAB/A Simple Processor/Processor.vhd Line: 249
Info (12127): Elaborating entity "Simple_Processor" for the top level hierarchy
Info (12128): Elaborating entity "Counter" for hierarchy "Counter:Counter_INST" File: C:/Users/Asronic/Desktop/university/Term 6/Logic Circuit LAB/A Simple Processor/Simple_Processor.vhd Line: 74
Info (12128): Elaborating entity "lpm_counter" for hierarchy "Counter:Counter_INST|lpm_counter:LPM_COUNTER_component" File: C:/Users/Asronic/Desktop/university/Term 6/Logic Circuit LAB/A Simple Processor/Counter.vhd Line: 86
Info (12130): Elaborated megafunction instantiation "Counter:Counter_INST|lpm_counter:LPM_COUNTER_component" File: C:/Users/Asronic/Desktop/university/Term 6/Logic Circuit LAB/A Simple Processor/Counter.vhd Line: 86
Info (12133): Instantiated megafunction "Counter:Counter_INST|lpm_counter:LPM_COUNTER_component" with the following parameter: File: C:/Users/Asronic/Desktop/university/Term 6/Logic Circuit LAB/A Simple Processor/Counter.vhd Line: 86
    Info (12134): Parameter "lpm_direction" = "UP"
    Info (12134): Parameter "lpm_port_updown" = "PORT_UNUSED"
    Info (12134): Parameter "lpm_type" = "LPM_COUNTER"
    Info (12134): Parameter "lpm_width" = "5"
Info (12021): Found 1 design units, including 1 entities, in source file db/cntr_h0i.tdf
    Info (12023): Found entity 1: cntr_h0i File: C:/Users/Asronic/Desktop/university/Term 6/Logic Circuit LAB/A Simple Processor/db/cntr_h0i.tdf Line: 26
Info (12128): Elaborating entity "cntr_h0i" for hierarchy "Counter:Counter_INST|lpm_counter:LPM_COUNTER_component|cntr_h0i:auto_generated" File: d:/intelfpga_lite/20.1/quartus/libraries/megafunctions/lpm_counter.tdf Line: 259
Info (12128): Elaborating entity "rom" for hierarchy "rom:INST_ROM" File: C:/Users/Asronic/Desktop/university/Term 6/Logic Circuit LAB/A Simple Processor/Simple_Processor.vhd Line: 75
Info (12128): Elaborating entity "altsyncram" for hierarchy "rom:INST_ROM|altsyncram:altsyncram_component" File: C:/Users/Asronic/Desktop/university/Term 6/Logic Circuit LAB/A Simple Processor/rom.vhd Line: 71
Info (12130): Elaborated megafunction instantiation "rom:INST_ROM|altsyncram:altsyncram_component" File: C:/Users/Asronic/Desktop/university/Term 6/Logic Circuit LAB/A Simple Processor/rom.vhd Line: 71
Info (12133): Instantiated megafunction "rom:INST_ROM|altsyncram:altsyncram_component" with the following parameter: File: C:/Users/Asronic/Desktop/university/Term 6/Logic Circuit LAB/A Simple Processor/rom.vhd Line: 71
    Info (12134): Parameter "address_aclr_a" = "NONE"
    Info (12134): Parameter "address_aclr_b" = "NONE"
    Info (12134): Parameter "address_reg_b" = "CLOCK1"
    Info (12134): Parameter "byte_size" = "8"
    Info (12134): Parameter "byteena_aclr_a" = "UNUSED"
    Info (12134): Parameter "byteena_aclr_b" = "NONE"
    Info (12134): Parameter "byteena_reg_b" = "CLOCK1"
    Info (12134): Parameter "clock_enable_core_a" = "USE_INPUT_CLKEN"
    Info (12134): Parameter "clock_enable_core_b" = "USE_INPUT_CLKEN"
    Info (12134): Parameter "clock_enable_input_a" = "BYPASS"
    Info (12134): Parameter "clock_enable_input_b" = "NORMAL"
    Info (12134): Parameter "clock_enable_output_a" = "BYPASS"
    Info (12134): Parameter "clock_enable_output_b" = "NORMAL"
    Info (12134): Parameter "intended_device_family" = "Cyclone V"
    Info (12134): Parameter "ecc_pipeline_stage_enabled" = "FALSE"
    Info (12134): Parameter "enable_ecc" = "FALSE"
    Info (12134): Parameter "implement_in_les" = "OFF"
    Info (12134): Parameter "indata_aclr_a" = "UNUSED"
    Info (12134): Parameter "indata_aclr_b" = "NONE"
    Info (12134): Parameter "indata_reg_b" = "CLOCK1"
    Info (12134): Parameter "init_file" = "inst_mem.mif"
    Info (12134): Parameter "init_file_layout" = "PORT_A"
    Info (12134): Parameter "maximum_depth" = "0"
    Info (12134): Parameter "numwords_a" = "32"
    Info (12134): Parameter "numwords_b" = "0"
    Info (12134): Parameter "operation_mode" = "ROM"
    Info (12134): Parameter "outdata_aclr_a" = "NONE"
    Info (12134): Parameter "outdata_aclr_b" = "NONE"
    Info (12134): Parameter "outdata_reg_a" = "UNREGISTERED"
    Info (12134): Parameter "outdata_reg_b" = "UNREGISTERED"
    Info (12134): Parameter "power_up_uninitialized" = "FALSE"
    Info (12134): Parameter "ram_block_type" = "AUTO"
    Info (12134): Parameter "rdcontrol_aclr_b" = "NONE"
    Info (12134): Parameter "rdcontrol_reg_b" = "CLOCK1"
    Info (12134): Parameter "read_during_write_mode_mixed_ports" = "DONT_CARE"
    Info (12134): Parameter "read_during_write_mode_port_a" = "NEW_DATA_NO_NBE_READ"
    Info (12134): Parameter "read_during_write_mode_port_b" = "NEW_DATA_NO_NBE_READ"
    Info (12134): Parameter "stratixiv_m144k_allow_dual_clocks" = "ON"
    Info (12134): Parameter "width_a" = "9"
    Info (12134): Parameter "width_b" = "1"
    Info (12134): Parameter "width_byteena_a" = "1"
    Info (12134): Parameter "width_byteena_b" = "1"
    Info (12134): Parameter "width_eccstatus" = "3"
    Info (12134): Parameter "widthad_a" = "5"
    Info (12134): Parameter "widthad_b" = "1"
    Info (12134): Parameter "wrcontrol_aclr_a" = "UNUSED"
    Info (12134): Parameter "wrcontrol_aclr_b" = "NONE"
    Info (12134): Parameter "wrcontrol_wraddress_reg_b" = "CLOCK1"
    Info (12134): Parameter "lpm_hint" = "ENABLE_RUNTIME_MOD=NO"
    Info (12134): Parameter "lpm_type" = "altsyncram"
Info (12021): Found 1 design units, including 1 entities, in source file db/altsyncram_q824.tdf
    Info (12023): Found entity 1: altsyncram_q824 File: C:/Users/Asronic/Desktop/university/Term 6/Logic Circuit LAB/A Simple Processor/db/altsyncram_q824.tdf Line: 28
Info (12128): Elaborating entity "altsyncram_q824" for hierarchy "rom:INST_ROM|altsyncram:altsyncram_component|altsyncram_q824:auto_generated" File: d:/intelfpga_lite/20.1/quartus/libraries/megafunctions/altsyncram.tdf Line: 792
Info (12128): Elaborating entity "Processor" for hierarchy "Processor:SIMPLE_Processor" File: C:/Users/Asronic/Desktop/university/Term 6/Logic Circuit LAB/A Simple Processor/Simple_Processor.vhd Line: 76
Info (12128): Elaborating entity "mux" for hierarchy "Processor:SIMPLE_Processor|mux:multiplexer" File: C:/Users/Asronic/Desktop/university/Term 6/Logic Circuit LAB/A Simple Processor/Processor.vhd Line: 75
Info (12128): Elaborating entity "regn" for hierarchy "Processor:SIMPLE_Processor|regn:\gen_reg:7:R" File: C:/Users/Asronic/Desktop/university/Term 6/Logic Circuit LAB/A Simple Processor/Processor.vhd Line: 78
Info (12128): Elaborating entity "addersub" for hierarchy "Processor:SIMPLE_Processor|addersub:addsub" File: C:/Users/Asronic/Desktop/university/Term 6/Logic Circuit LAB/A Simple Processor/Processor.vhd Line: 82
Info (12128): Elaborating entity "lpm_add_sub" for hierarchy "Processor:SIMPLE_Processor|addersub:addsub|lpm_add_sub:LPM_ADD_SUB_component" File: C:/Users/Asronic/Desktop/university/Term 6/Logic Circuit LAB/A Simple Processor/Processor.vhd Line: 193
Info (12130): Elaborated megafunction instantiation "Processor:SIMPLE_Processor|addersub:addsub|lpm_add_sub:LPM_ADD_SUB_component" File: C:/Users/Asronic/Desktop/university/Term 6/Logic Circuit LAB/A Simple Processor/Processor.vhd Line: 193
Info (12133): Instantiated megafunction "Processor:SIMPLE_Processor|addersub:addsub|lpm_add_sub:LPM_ADD_SUB_component" with the following parameter: File: C:/Users/Asronic/Desktop/university/Term 6/Logic Circuit LAB/A Simple Processor/Processor.vhd Line: 193
    Info (12134): Parameter "lpm_direction" = "UNUSED"
    Info (12134): Parameter "lpm_hint" = "ONE_INPUT_IS_CONSTANT=NO,CIN_USED=NO"
    Info (12134): Parameter "lpm_representation" = "UNSIGNED"
    Info (12134): Parameter "lpm_type" = "LPM_ADD_SUB"
    Info (12134): Parameter "lpm_width" = "9"
Info (12021): Found 1 design units, including 1 entities, in source file db/add_sub_gfg.tdf
    Info (12023): Found entity 1: add_sub_gfg File: C:/Users/Asronic/Desktop/university/Term 6/Logic Circuit LAB/A Simple Processor/db/add_sub_gfg.tdf Line: 26
Info (12128): Elaborating entity "add_sub_gfg" for hierarchy "Processor:SIMPLE_Processor|addersub:addsub|lpm_add_sub:LPM_ADD_SUB_component|add_sub_gfg:auto_generated" File: d:/intelfpga_lite/20.1/quartus/libraries/megafunctions/lpm_add_sub.tdf Line: 119
Info (12128): Elaborating entity "fsm" for hierarchy "Processor:SIMPLE_Processor|fsm:control_Unit" File: C:/Users/Asronic/Desktop/university/Term 6/Logic Circuit LAB/A Simple Processor/Processor.vhd Line: 84
Info (12128): Elaborating entity "dec3to8" for hierarchy "Processor:SIMPLE_Processor|fsm:control_Unit|dec3to8:decX" File: C:/Users/Asronic/Desktop/university/Term 6/Logic Circuit LAB/A Simple Processor/Processor.vhd Line: 281
Info (286030): Timing-Driven Synthesis is running
Info (16010): Generating hard_block partition "hard_block:auto_generated_inst"
    Info (16011): Adding 0 node(s), including 0 DDIO, 0 PLL, 0 transceiver and 0 LCELL
Warning (21074): Design contains 9 input pin(s) that do not drive logic
    Warning (15610): No output dependent on input pin "sw[0]" File: C:/Users/Asronic/Desktop/university/Term 6/Logic Circuit LAB/A Simple Processor/Simple_Processor.vhd Line: 30
    Warning (15610): No output dependent on input pin "sw[1]" File: C:/Users/Asronic/Desktop/university/Term 6/Logic Circuit LAB/A Simple Processor/Simple_Processor.vhd Line: 30
    Warning (15610): No output dependent on input pin "sw[2]" File: C:/Users/Asronic/Desktop/university/Term 6/Logic Circuit LAB/A Simple Processor/Simple_Processor.vhd Line: 30
    Warning (15610): No output dependent on input pin "sw[3]" File: C:/Users/Asronic/Desktop/university/Term 6/Logic Circuit LAB/A Simple Processor/Simple_Processor.vhd Line: 30
    Warning (15610): No output dependent on input pin "sw[4]" File: C:/Users/Asronic/Desktop/university/Term 6/Logic Circuit LAB/A Simple Processor/Simple_Processor.vhd Line: 30
    Warning (15610): No output dependent on input pin "sw[5]" File: C:/Users/Asronic/Desktop/university/Term 6/Logic Circuit LAB/A Simple Processor/Simple_Processor.vhd Line: 30
    Warning (15610): No output dependent on input pin "sw[6]" File: C:/Users/Asronic/Desktop/university/Term 6/Logic Circuit LAB/A Simple Processor/Simple_Processor.vhd Line: 30
    Warning (15610): No output dependent on input pin "sw[7]" File: C:/Users/Asronic/Desktop/university/Term 6/Logic Circuit LAB/A Simple Processor/Simple_Processor.vhd Line: 30
    Warning (15610): No output dependent on input pin "sw[8]" File: C:/Users/Asronic/Desktop/university/Term 6/Logic Circuit LAB/A Simple Processor/Simple_Processor.vhd Line: 30
Info (21057): Implemented 219 device resources after synthesis - the final resource count might be different
    Info (21058): Implemented 13 input pins
    Info (21059): Implemented 10 output pins
    Info (21061): Implemented 187 logic cells
    Info (21064): Implemented 9 RAM segments
Info: Quartus Prime Analysis & Synthesis was successful. 0 errors, 12 warnings
    Info: Peak virtual memory: 4867 megabytes
    Info: Processing ended: Thu Jun 02 17:32:37 2022
    Info: Elapsed time: 00:00:16
    Info: Total CPU time (on all processors): 00:00:32


